Using pre-set license
Built from '2020.3/staging' branch; Version is '2020.3.11f1 (99c7afb366b3) revision 10078127'; Using compiler version '192528614'; Build Type 'Release'
OS: 'Windows 10 Pro; OS build 19042.1165; Version 2009; 64bit' Language: 'en' Physical Memory: 16310 MB
BatchMode: 1, IsHumanControllingUs: 0, StartBugReporterOnCrash: 0, Is64bit: 1, IsPro: 0

 COMMAND LINE ARGUMENTS:
C:\Program Files\Unity\Hub\Editor\2020.3.11f1\Editor\Unity.exe
-adb2
-batchMode
-noUpm
-name
AssetImportWorker0
-projectPath
C:/Users/Jetro/Documents/UnityCWC2021/Week2/Prototype2
-logFile
Logs/AssetImportWorker0.log
-srvPort
60735
Successfully changed project path to: C:/Users/Jetro/Documents/UnityCWC2021/Week2/Prototype2
C:/Users/Jetro/Documents/UnityCWC2021/Week2/Prototype2
Using Asset Import Pipeline V2.
Refreshing native plugins compatible for Editor in 21.49 ms, found 2 plugins.
Preloading 0 native plugins for Editor in 0.00 ms.
Initialize engine version: 2020.3.11f1 (99c7afb366b3)
[Subsystems] Discovering subsystems at path C:/Program Files/Unity/Hub/Editor/2020.3.11f1/Editor/Data/Resources/UnitySubsystems
[Subsystems] Discovering subsystems at path C:/Users/Jetro/Documents/UnityCWC2021/Week2/Prototype2/Assets
GfxDevice: creating device client; threaded=0
Direct3D:
    Version:  Direct3D 11.0 [level 11.1]
    Renderer: NVIDIA GeForce RTX 3070 (ID=0x2484)
    Vendor:   
    VRAM:     8043 MB
    Driver:   27.21.14.6109
Initialize mono
Mono path[0] = 'C:/Program Files/Unity/Hub/Editor/2020.3.11f1/Editor/Data/Managed'
Mono path[1] = 'C:/Program Files/Unity/Hub/Editor/2020.3.11f1/Editor/Data/MonoBleedingEdge/lib/mono/unityjit'
Mono config path = 'C:/Program Files/Unity/Hub/Editor/2020.3.11f1/Editor/Data/MonoBleedingEdge/etc'
Using monoOptions --debugger-agent=transport=dt_socket,embedding=1,server=y,suspend=n,address=127.0.0.1:56500
Begin MonoManager ReloadAssembly
Registering precompiled unity dll's ...
Register platform support module: C:/Program Files/Unity/Hub/Editor/2020.3.11f1/Editor/Data/PlaybackEngines/WindowsStandaloneSupport/UnityEditor.WindowsStandalone.Extensions.dll
Registered in 0.001626 seconds.
Native extension for WindowsStandalone target not found
Refreshing native plugins compatible for Editor in 20.49 ms, found 2 plugins.
Preloading 0 native plugins for Editor in 0.00 ms.
Mono: successfully reloaded assembly
- Completed reload, in  0.742 seconds
Platform modules already initialized, skipping
Registering precompiled user dll's ...
Registered in 0.002711 seconds.
Begin MonoManager ReloadAssembly
Native extension for WindowsStandalone target not found
Refreshing native plugins compatible for Editor in 0.29 ms, found 2 plugins.
Preloading 0 native plugins for Editor in 0.00 ms.
Mono: successfully reloaded assembly
- Completed reload, in  0.640 seconds
Platform modules already initialized, skipping
========================================================================
Worker process is ready to serve import requests
Launched and connected shader compiler UnityShaderCompiler.exe after 0.03 seconds
Refreshing native plugins compatible for Editor in 0.27 ms, found 2 plugins.
Preloading 0 native plugins for Editor in 0.00 ms.
Unloading 1388 Unused Serialized files (Serialized files now loaded: 0)
System memory in use before: 65.0 MB.
System memory in use after: 65.1 MB.

Unloading 19 unused Assets to reduce memory usage. Loaded Objects now: 1822.
Total: 1.412700 ms (FindLiveObjects: 0.103300 ms CreateObjectMapping: 0.025400 ms MarkObjects: 1.221400 ms  DeleteObjects: 0.061900 ms)

========================================================================
Received Import Request.
  path: Assets/Prefabs/Animal_Stag_01.prefab
  artifactKey: Guid(03cf8e13ed45bb74ab54c1b1b76e1d7b) Importer(815301076,1909f56bfc062723c751e8b465ee728b)
Start importing Assets/Prefabs/Animal_Stag_01.prefab using Guid(03cf8e13ed45bb74ab54c1b1b76e1d7b) Importer(815301076,1909f56bfc062723c751e8b465ee728b)  -> (artifact id: '76635cc9dc093672d3bb935f807ae9fb') in 0.083923 seconds
  Import took 0.086273 seconds .

========================================================================
Received Import Request.
  Time since last request: 1.518038 seconds.
  path: Assets/Prefabs/Animal_Cow_White.prefab
  artifactKey: Guid(db35e85484e972d4283e1bb72621166e) Importer(815301076,1909f56bfc062723c751e8b465ee728b)
Start importing Assets/Prefabs/Animal_Cow_White.prefab using Guid(db35e85484e972d4283e1bb72621166e) Importer(815301076,1909f56bfc062723c751e8b465ee728b)  -> (artifact id: '6f907b816f645f2586ffd9c458c36279') in 0.020347 seconds
  Import took 0.022778 seconds .

========================================================================
Received Import Request.
  Time since last request: 3.354063 seconds.
  path: Assets/Prefabs/Dog_Labrador_01.prefab
  artifactKey: Guid(9e4f32165f988494288c727752eea5df) Importer(815301076,1909f56bfc062723c751e8b465ee728b)
Start importing Assets/Prefabs/Dog_Labrador_01.prefab using Guid(9e4f32165f988494288c727752eea5df) Importer(815301076,1909f56bfc062723c751e8b465ee728b)  -> (artifact id: '88d0eeed559c6f1ffd789b1e5a500006') in 0.046171 seconds
  Import took 0.049069 seconds .

========================================================================
Received Prepare
Registering precompiled user dll's ...
Registered in 0.002792 seconds.
Begin MonoManager ReloadAssembly
Native extension for WindowsStandalone target not found
Refreshing native plugins compatible for Editor in 0.30 ms, found 2 plugins.
Preloading 0 native plugins for Editor in 0.00 ms.
Mono: successfully reloaded assembly
- Completed reload, in  0.665 seconds
Platform modules already initialized, skipping
Refreshing native plugins compatible for Editor in 0.34 ms, found 2 plugins.
Preloading 0 native plugins for Editor in 0.00 ms.
Unloading 1383 Unused Serialized files (Serialized files now loaded: 0)
System memory in use before: 81.7 MB.
System memory in use after: 81.8 MB.

Unloading 14 unused Assets to reduce memory usage. Loaded Objects now: 1833.
Total: 1.381700 ms (FindLiveObjects: 0.108700 ms CreateObjectMapping: 0.034900 ms MarkObjects: 1.197000 ms  DeleteObjects: 0.040400 ms)

========================================================================
Received Prepare
Registering precompiled user dll's ...
Registered in 0.003627 seconds.
Begin MonoManager ReloadAssembly
Native extension for WindowsStandalone target not found
Refreshing native plugins compatible for Editor in 0.28 ms, found 2 plugins.
Preloading 0 native plugins for Editor in 0.00 ms.
Mono: successfully reloaded assembly
- Completed reload, in  0.604 seconds
Platform modules already initialized, skipping
Refreshing native plugins compatible for Editor in 0.27 ms, found 2 plugins.
Preloading 0 native plugins for Editor in 0.00 ms.
Unloading 1383 Unused Serialized files (Serialized files now loaded: 0)
System memory in use before: 81.8 MB.
System memory in use after: 81.8 MB.

Unloading 14 unused Assets to reduce memory usage. Loaded Objects now: 1836.
Total: 1.404800 ms (FindLiveObjects: 0.093400 ms CreateObjectMapping: 0.030100 ms MarkObjects: 1.239400 ms  DeleteObjects: 0.041200 ms)

========================================================================
Received Import Request.
  Time since last request: 154.378748 seconds.
  path: Assets/Scripts/PlayerController.cs
  artifactKey: Guid(abdaa623a234d364789db2d13ba0eea5) Importer(815301076,1909f56bfc062723c751e8b465ee728b)
Start importing Assets/Scripts/PlayerController.cs using Guid(abdaa623a234d364789db2d13ba0eea5) Importer(815301076,1909f56bfc062723c751e8b465ee728b)  -> (artifact id: '58891ad4ad9ba0e387dc5edae44e801f') in 0.004713 seconds
  Import took 0.006440 seconds .

========================================================================
Received Import Request.
  Time since last request: 39.362642 seconds.
  path: Assets/Scripts/DetroyOutOfBounds.cs
  artifactKey: Guid(242621f3b8f452e44ab73ab7c7df965a) Importer(815301076,1909f56bfc062723c751e8b465ee728b)
Start importing Assets/Scripts/DetroyOutOfBounds.cs using Guid(242621f3b8f452e44ab73ab7c7df965a) Importer(815301076,1909f56bfc062723c751e8b465ee728b)  -> (artifact id: '06fc7226c6d5dd608374221691fd6a17') in 0.004381 seconds
  Import took 0.006198 seconds .

========================================================================
Received Prepare
Registering precompiled user dll's ...
Registered in 0.002424 seconds.
Begin MonoManager ReloadAssembly
Native extension for WindowsStandalone target not found
Refreshing native plugins compatible for Editor in 0.41 ms, found 2 plugins.
Preloading 0 native plugins for Editor in 0.00 ms.
Mono: successfully reloaded assembly
- Completed reload, in  0.631 seconds
Platform modules already initialized, skipping
Refreshing native plugins compatible for Editor in 0.27 ms, found 2 plugins.
Preloading 0 native plugins for Editor in 0.00 ms.
Unloading 1384 Unused Serialized files (Serialized files now loaded: 0)
System memory in use before: 81.8 MB.
System memory in use after: 81.9 MB.

Unloading 14 unused Assets to reduce memory usage. Loaded Objects now: 1840.
Total: 1.477900 ms (FindLiveObjects: 0.090400 ms CreateObjectMapping: 0.028300 ms MarkObjects: 1.318600 ms  DeleteObjects: 0.039800 ms)

========================================================================
Received Import Request.
  Time since last request: 106.670983 seconds.
  path: Assets/Scripts/DetroyOutOfBounds.cs
  artifactKey: Guid(242621f3b8f452e44ab73ab7c7df965a) Importer(815301076,1909f56bfc062723c751e8b465ee728b)
Start importing Assets/Scripts/DetroyOutOfBounds.cs using Guid(242621f3b8f452e44ab73ab7c7df965a) Importer(815301076,1909f56bfc062723c751e8b465ee728b)  -> (artifact id: '5ab4714a4eb64f7e2bd6b5d8d6e3f10d') in 0.003935 seconds
  Import took 0.005877 seconds .

========================================================================
Received Prepare
Registering precompiled user dll's ...
Registered in 0.002475 seconds.
Begin MonoManager ReloadAssembly
Native extension for WindowsStandalone target not found
Refreshing native plugins compatible for Editor in 0.28 ms, found 2 plugins.
Preloading 0 native plugins for Editor in 0.00 ms.
Mono: successfully reloaded assembly
- Completed reload, in  0.643 seconds
Platform modules already initialized, skipping
Refreshing native plugins compatible for Editor in 0.28 ms, found 2 plugins.
Preloading 0 native plugins for Editor in 0.00 ms.
Unloading 1384 Unused Serialized files (Serialized files now loaded: 0)
System memory in use before: 81.8 MB.
System memory in use after: 81.9 MB.

Unloading 14 unused Assets to reduce memory usage. Loaded Objects now: 1843.
Total: 1.490300 ms (FindLiveObjects: 0.109400 ms CreateObjectMapping: 0.035900 ms MarkObjects: 1.303300 ms  DeleteObjects: 0.040600 ms)

========================================================================
Received Prepare
Registering precompiled user dll's ...
Registered in 0.002548 seconds.
Begin MonoManager ReloadAssembly
Native extension for WindowsStandalone target not found
Refreshing native plugins compatible for Editor in 0.27 ms, found 2 plugins.
Preloading 0 native plugins for Editor in 0.00 ms.
Mono: successfully reloaded assembly
- Completed reload, in  0.631 seconds
Platform modules already initialized, skipping
Refreshing native plugins compatible for Editor in 0.28 ms, found 2 plugins.
Preloading 0 native plugins for Editor in 0.00 ms.
Unloading 1384 Unused Serialized files (Serialized files now loaded: 0)
System memory in use before: 81.8 MB.
System memory in use after: 81.9 MB.

Unloading 14 unused Assets to reduce memory usage. Loaded Objects now: 1846.
Total: 1.358800 ms (FindLiveObjects: 0.111900 ms CreateObjectMapping: 0.026600 ms MarkObjects: 1.184400 ms  DeleteObjects: 0.035200 ms)

========================================================================
Received Prepare
Registering precompiled user dll's ...
Registered in 0.002485 seconds.
Begin MonoManager ReloadAssembly
Native extension for WindowsStandalone target not found
Refreshing native plugins compatible for Editor in 0.31 ms, found 2 plugins.
Preloading 0 native plugins for Editor in 0.00 ms.
Mono: successfully reloaded assembly
- Completed reload, in  0.601 seconds
Platform modules already initialized, skipping
Refreshing native plugins compatible for Editor in 0.28 ms, found 2 plugins.
Preloading 0 native plugins for Editor in 0.00 ms.
Unloading 1384 Unused Serialized files (Serialized files now loaded: 0)
System memory in use before: 81.8 MB.
System memory in use after: 81.9 MB.

Unloading 14 unused Assets to reduce memory usage. Loaded Objects now: 1849.
Total: 1.453400 ms (FindLiveObjects: 0.129000 ms CreateObjectMapping: 0.035900 ms MarkObjects: 1.246500 ms  DeleteObjects: 0.041100 ms)

========================================================================
Received Import Request.
  Time since last request: 185.534360 seconds.
  path: Assets/Prefabs/Food_Pizza_01.prefab
  artifactKey: Guid(9dd085ac94464094e9a87af92bf1d733) Importer(815301076,1909f56bfc062723c751e8b465ee728b)
Start importing Assets/Prefabs/Food_Pizza_01.prefab using Guid(9dd085ac94464094e9a87af92bf1d733) Importer(815301076,1909f56bfc062723c751e8b465ee728b)  -> (artifact id: '13d1553aab1e8228971261c07f825de2') in 0.046184 seconds
  Import took 0.048451 seconds .

========================================================================
Received Import Request.
  Time since last request: 0.003443 seconds.
  path: Assets/Prefabs/Food_Pizza_01.prefab
  artifactKey: Guid(9dd085ac94464094e9a87af92bf1d733) Importer(815301076,1909f56bfc062723c751e8b465ee728b)
Start importing Assets/Prefabs/Food_Pizza_01.prefab using Guid(9dd085ac94464094e9a87af92bf1d733) Importer(815301076,1909f56bfc062723c751e8b465ee728b)  -> (artifact id: '13d1553aab1e8228971261c07f825de2') in 0.022008 seconds
  Import took 0.023761 seconds .

========================================================================
Received Prepare
Registering precompiled user dll's ...
Registered in 0.002792 seconds.
Begin MonoManager ReloadAssembly
Native extension for WindowsStandalone target not found
Refreshing native plugins compatible for Editor in 0.28 ms, found 2 plugins.
Preloading 0 native plugins for Editor in 0.00 ms.
Mono: successfully reloaded assembly
- Completed reload, in  0.621 seconds
Platform modules already initialized, skipping
Refreshing native plugins compatible for Editor in 0.28 ms, found 2 plugins.
Preloading 0 native plugins for Editor in 0.00 ms.
Unloading 1384 Unused Serialized files (Serialized files now loaded: 0)
System memory in use before: 81.8 MB.
System memory in use after: 81.9 MB.

Unloading 14 unused Assets to reduce memory usage. Loaded Objects now: 1853.
Total: 1.519600 ms (FindLiveObjects: 0.099100 ms CreateObjectMapping: 0.028800 ms MarkObjects: 1.348300 ms  DeleteObjects: 0.042700 ms)

========================================================================
Received Prepare
Registering precompiled user dll's ...
Registered in 0.002984 seconds.
Begin MonoManager ReloadAssembly
Native extension for WindowsStandalone target not found
Refreshing native plugins compatible for Editor in 0.28 ms, found 2 plugins.
Preloading 0 native plugins for Editor in 0.00 ms.
Mono: successfully reloaded assembly
- Completed reload, in  0.604 seconds
Platform modules already initialized, skipping
Refreshing native plugins compatible for Editor in 0.28 ms, found 2 plugins.
Preloading 0 native plugins for Editor in 0.00 ms.
Unloading 1384 Unused Serialized files (Serialized files now loaded: 0)
System memory in use before: 81.8 MB.
System memory in use after: 81.9 MB.

Unloading 14 unused Assets to reduce memory usage. Loaded Objects now: 1856.
Total: 1.380600 ms (FindLiveObjects: 0.117000 ms CreateObjectMapping: 0.036600 ms MarkObjects: 1.190600 ms  DeleteObjects: 0.035500 ms)

========================================================================
Received Prepare
Registering precompiled user dll's ...
Registered in 0.002801 seconds.
Begin MonoManager ReloadAssembly
Native extension for WindowsStandalone target not found
Refreshing native plugins compatible for Editor in 0.28 ms, found 2 plugins.
Preloading 0 native plugins for Editor in 0.00 ms.
Mono: successfully reloaded assembly
- Completed reload, in  0.614 seconds
Platform modules already initialized, skipping
Refreshing native plugins compatible for Editor in 0.33 ms, found 2 plugins.
Preloading 0 native plugins for Editor in 0.00 ms.
Unloading 1384 Unused Serialized files (Serialized files now loaded: 0)
System memory in use before: 81.8 MB.
System memory in use after: 81.9 MB.

Unloading 14 unused Assets to reduce memory usage. Loaded Objects now: 1859.
Total: 1.568500 ms (FindLiveObjects: 0.097200 ms CreateObjectMapping: 0.026300 ms MarkObjects: 1.405900 ms  DeleteObjects: 0.038200 ms)

========================================================================
Received Prepare
Registering precompiled user dll's ...
Registered in 0.002795 seconds.
Begin MonoManager ReloadAssembly
Native extension for WindowsStandalone target not found
Refreshing native plugins compatible for Editor in 0.28 ms, found 2 plugins.
Preloading 0 native plugins for Editor in 0.00 ms.
Mono: successfully reloaded assembly
- Completed reload, in  0.599 seconds
Platform modules already initialized, skipping
Refreshing native plugins compatible for Editor in 0.27 ms, found 2 plugins.
Preloading 0 native plugins for Editor in 0.00 ms.
Unloading 1384 Unused Serialized files (Serialized files now loaded: 0)
System memory in use before: 81.9 MB.
System memory in use after: 81.9 MB.

Unloading 14 unused Assets to reduce memory usage. Loaded Objects now: 1862.
Total: 1.378900 ms (FindLiveObjects: 0.112000 ms CreateObjectMapping: 0.026300 ms MarkObjects: 1.200700 ms  DeleteObjects: 0.039100 ms)

========================================================================
Received Prepare
Registering precompiled user dll's ...
Registered in 0.002543 seconds.
Begin MonoManager ReloadAssembly
Native extension for WindowsStandalone target not found
Refreshing native plugins compatible for Editor in 0.28 ms, found 2 plugins.
Preloading 0 native plugins for Editor in 0.00 ms.
Mono: successfully reloaded assembly
- Completed reload, in  0.604 seconds
Platform modules already initialized, skipping
Refreshing native plugins compatible for Editor in 0.27 ms, found 2 plugins.
Preloading 0 native plugins for Editor in 0.00 ms.
Unloading 1384 Unused Serialized files (Serialized files now loaded: 0)
System memory in use before: 81.9 MB.
System memory in use after: 81.9 MB.

Unloading 14 unused Assets to reduce memory usage. Loaded Objects now: 1865.
Total: 1.392700 ms (FindLiveObjects: 0.090800 ms CreateObjectMapping: 0.028500 ms MarkObjects: 1.236900 ms  DeleteObjects: 0.035500 ms)

========================================================================
Received Prepare
Registering precompiled user dll's ...
Registered in 0.002401 seconds.
Begin MonoManager ReloadAssembly
Native extension for WindowsStandalone target not found
Refreshing native plugins compatible for Editor in 0.28 ms, found 2 plugins.
Preloading 0 native plugins for Editor in 0.00 ms.
Mono: successfully reloaded assembly
- Completed reload, in  0.614 seconds
Platform modules already initialized, skipping
Refreshing native plugins compatible for Editor in 0.27 ms, found 2 plugins.
Preloading 0 native plugins for Editor in 0.00 ms.
Unloading 1384 Unused Serialized files (Serialized files now loaded: 0)
System memory in use before: 81.9 MB.
System memory in use after: 81.9 MB.

Unloading 14 unused Assets to reduce memory usage. Loaded Objects now: 1868.
Total: 1.369600 ms (FindLiveObjects: 0.116900 ms CreateObjectMapping: 0.030100 ms MarkObjects: 1.185200 ms  DeleteObjects: 0.036600 ms)

========================================================================
Received Prepare
Registering precompiled user dll's ...
Registered in 0.002455 seconds.
Begin MonoManager ReloadAssembly
Native extension for WindowsStandalone target not found
Refreshing native plugins compatible for Editor in 0.29 ms, found 2 plugins.
Preloading 0 native plugins for Editor in 0.00 ms.
Mono: successfully reloaded assembly
- Completed reload, in  0.585 seconds
Platform modules already initialized, skipping
Refreshing native plugins compatible for Editor in 0.27 ms, found 2 plugins.
Preloading 0 native plugins for Editor in 0.00 ms.
Unloading 1384 Unused Serialized files (Serialized files now loaded: 0)
System memory in use before: 81.9 MB.
System memory in use after: 81.9 MB.

Unloading 14 unused Assets to reduce memory usage. Loaded Objects now: 1871.
Total: 1.516100 ms (FindLiveObjects: 0.106200 ms CreateObjectMapping: 0.036800 ms MarkObjects: 1.328000 ms  DeleteObjects: 0.044100 ms)

========================================================================
Received Import Request.
  Time since last request: 470.266766 seconds.
  path: Assets/Scripts/SpawnManager.cs
  artifactKey: Guid(aaa27c552c6b4974aa797c66794e31e6) Importer(815301076,1909f56bfc062723c751e8b465ee728b)
Start importing Assets/Scripts/SpawnManager.cs using Guid(aaa27c552c6b4974aa797c66794e31e6) Importer(815301076,1909f56bfc062723c751e8b465ee728b)  -> (artifact id: '98cd63548ec5716b1eb617eeb8464db0') in 0.006012 seconds
  Import took 0.008177 seconds .

========================================================================
Received Prepare
Registering precompiled user dll's ...
Registered in 0.002471 seconds.
Begin MonoManager ReloadAssembly
Native extension for WindowsStandalone target not found
Refreshing native plugins compatible for Editor in 0.28 ms, found 2 plugins.
Preloading 0 native plugins for Editor in 0.00 ms.
Mono: successfully reloaded assembly
- Completed reload, in  0.614 seconds
Platform modules already initialized, skipping
Refreshing native plugins compatible for Editor in 0.27 ms, found 2 plugins.
Preloading 0 native plugins for Editor in 0.00 ms.
Unloading 1385 Unused Serialized files (Serialized files now loaded: 0)
System memory in use before: 81.9 MB.
System memory in use after: 82.0 MB.

Unloading 14 unused Assets to reduce memory usage. Loaded Objects now: 1875.
Total: 1.540300 ms (FindLiveObjects: 0.111400 ms CreateObjectMapping: 0.036500 ms MarkObjects: 1.352900 ms  DeleteObjects: 0.038600 ms)

========================================================================
Received Prepare
Registering precompiled user dll's ...
Registered in 0.003130 seconds.
Begin MonoManager ReloadAssembly
Native extension for WindowsStandalone target not found
Refreshing native plugins compatible for Editor in 0.31 ms, found 2 plugins.
Preloading 0 native plugins for Editor in 0.00 ms.
Mono: successfully reloaded assembly
- Completed reload, in  0.646 seconds
Platform modules already initialized, skipping
Refreshing native plugins compatible for Editor in 0.36 ms, found 2 plugins.
Preloading 0 native plugins for Editor in 0.00 ms.
Unloading 1385 Unused Serialized files (Serialized files now loaded: 0)
System memory in use before: 81.9 MB.
System memory in use after: 82.0 MB.

Unloading 14 unused Assets to reduce memory usage. Loaded Objects now: 1878.
Total: 1.414600 ms (FindLiveObjects: 0.124300 ms CreateObjectMapping: 0.034900 ms MarkObjects: 1.217700 ms  DeleteObjects: 0.037000 ms)

========================================================================
Received Prepare
Registering precompiled user dll's ...
Registered in 0.002426 seconds.
Begin MonoManager ReloadAssembly
Native extension for WindowsStandalone target not found
Refreshing native plugins compatible for Editor in 0.28 ms, found 2 plugins.
Preloading 0 native plugins for Editor in 0.00 ms.
Mono: successfully reloaded assembly
- Completed reload, in  0.595 seconds
Platform modules already initialized, skipping
Refreshing native plugins compatible for Editor in 0.26 ms, found 2 plugins.
Preloading 0 native plugins for Editor in 0.00 ms.
Unloading 1385 Unused Serialized files (Serialized files now loaded: 0)
System memory in use before: 81.9 MB.
System memory in use after: 82.0 MB.

Unloading 14 unused Assets to reduce memory usage. Loaded Objects now: 1881.
Total: 1.537600 ms (FindLiveObjects: 0.110800 ms CreateObjectMapping: 0.037900 ms MarkObjects: 1.349400 ms  DeleteObjects: 0.038900 ms)

========================================================================
Received Prepare
Registering precompiled user dll's ...
Registered in 0.002471 seconds.
Begin MonoManager ReloadAssembly
Native extension for WindowsStandalone target not found
Refreshing native plugins compatible for Editor in 0.29 ms, found 2 plugins.
Preloading 0 native plugins for Editor in 0.00 ms.
Mono: successfully reloaded assembly
- Completed reload, in  0.640 seconds
Platform modules already initialized, skipping
Refreshing native plugins compatible for Editor in 0.43 ms, found 2 plugins.
Preloading 0 native plugins for Editor in 0.00 ms.
Unloading 1385 Unused Serialized files (Serialized files now loaded: 0)
System memory in use before: 81.9 MB.
System memory in use after: 82.0 MB.

Unloading 14 unused Assets to reduce memory usage. Loaded Objects now: 1884.
Total: 1.703100 ms (FindLiveObjects: 0.135500 ms CreateObjectMapping: 0.045200 ms MarkObjects: 1.479900 ms  DeleteObjects: 0.041900 ms)

========================================================================
Received Prepare
Registering precompiled user dll's ...
Registered in 0.002494 seconds.
Begin MonoManager ReloadAssembly
Native extension for WindowsStandalone target not found
Refreshing native plugins compatible for Editor in 0.29 ms, found 2 plugins.
Preloading 0 native plugins for Editor in 0.00 ms.
Mono: successfully reloaded assembly
- Completed reload, in  0.595 seconds
Platform modules already initialized, skipping
Refreshing native plugins compatible for Editor in 0.30 ms, found 2 plugins.
Preloading 0 native plugins for Editor in 0.00 ms.
Unloading 1385 Unused Serialized files (Serialized files now loaded: 0)
System memory in use before: 81.9 MB.
System memory in use after: 82.0 MB.

Unloading 14 unused Assets to reduce memory usage. Loaded Objects now: 1887.
Total: 1.602700 ms (FindLiveObjects: 0.120700 ms CreateObjectMapping: 0.025400 ms MarkObjects: 1.413600 ms  DeleteObjects: 0.042300 ms)

========================================================================
Received Prepare
Registering precompiled user dll's ...
Registered in 0.002470 seconds.
Begin MonoManager ReloadAssembly
Native extension for WindowsStandalone target not found
Refreshing native plugins compatible for Editor in 0.28 ms, found 2 plugins.
Preloading 0 native plugins for Editor in 0.00 ms.
Mono: successfully reloaded assembly
- Completed reload, in  0.624 seconds
Platform modules already initialized, skipping
Refreshing native plugins compatible for Editor in 0.27 ms, found 2 plugins.
Preloading 0 native plugins for Editor in 0.00 ms.
Unloading 1385 Unused Serialized files (Serialized files now loaded: 0)
System memory in use before: 81.9 MB.
System memory in use after: 82.0 MB.

Unloading 14 unused Assets to reduce memory usage. Loaded Objects now: 1890.
Total: 1.675200 ms (FindLiveObjects: 0.115500 ms CreateObjectMapping: 0.038400 ms MarkObjects: 1.481400 ms  DeleteObjects: 0.038900 ms)

========================================================================
Received Prepare
Registering precompiled user dll's ...
Registered in 0.002413 seconds.
Begin MonoManager ReloadAssembly
Native extension for WindowsStandalone target not found
Refreshing native plugins compatible for Editor in 0.28 ms, found 2 plugins.
Preloading 0 native plugins for Editor in 0.00 ms.
Mono: successfully reloaded assembly
- Completed reload, in  0.607 seconds
Platform modules already initialized, skipping
Refreshing native plugins compatible for Editor in 0.27 ms, found 2 plugins.
Preloading 0 native plugins for Editor in 0.00 ms.
Unloading 1385 Unused Serialized files (Serialized files now loaded: 0)
System memory in use before: 81.9 MB.
System memory in use after: 82.0 MB.

Unloading 14 unused Assets to reduce memory usage. Loaded Objects now: 1893.
Total: 1.412900 ms (FindLiveObjects: 0.117500 ms CreateObjectMapping: 0.036700 ms MarkObjects: 1.221200 ms  DeleteObjects: 0.036600 ms)

========================================================================
Received Prepare
Registering precompiled user dll's ...
Registered in 0.002544 seconds.
Begin MonoManager ReloadAssembly
Native extension for WindowsStandalone target not found
Refreshing native plugins compatible for Editor in 0.30 ms, found 2 plugins.
Preloading 0 native plugins for Editor in 0.00 ms.
Mono: successfully reloaded assembly
- Completed reload, in  0.628 seconds
Platform modules already initialized, skipping
Refreshing native plugins compatible for Editor in 0.38 ms, found 2 plugins.
Preloading 0 native plugins for Editor in 0.00 ms.
Unloading 1385 Unused Serialized files (Serialized files now loaded: 0)
System memory in use before: 81.9 MB.
System memory in use after: 82.0 MB.

Unloading 14 unused Assets to reduce memory usage. Loaded Objects now: 1896.
Total: 1.574200 ms (FindLiveObjects: 0.126700 ms CreateObjectMapping: 0.037600 ms MarkObjects: 1.367900 ms  DeleteObjects: 0.040800 ms)

========================================================================
Received Prepare
Registering precompiled user dll's ...
Registered in 0.002735 seconds.
Begin MonoManager ReloadAssembly
Native extension for WindowsStandalone target not found
Refreshing native plugins compatible for Editor in 0.28 ms, found 2 plugins.
Preloading 0 native plugins for Editor in 0.00 ms.
Mono: successfully reloaded assembly
- Completed reload, in  0.585 seconds
Platform modules already initialized, skipping
Refreshing native plugins compatible for Editor in 0.26 ms, found 2 plugins.
Preloading 0 native plugins for Editor in 0.00 ms.
Unloading 1385 Unused Serialized files (Serialized files now loaded: 0)
System memory in use before: 81.9 MB.
System memory in use after: 82.0 MB.

Unloading 14 unused Assets to reduce memory usage. Loaded Objects now: 1899.
Total: 2.072700 ms (FindLiveObjects: 0.103600 ms CreateObjectMapping: 0.038300 ms MarkObjects: 1.888500 ms  DeleteObjects: 0.041400 ms)

========================================================================
Received Prepare
Registering precompiled user dll's ...
Registered in 0.002582 seconds.
Begin MonoManager ReloadAssembly
Native extension for WindowsStandalone target not found
Refreshing native plugins compatible for Editor in 0.27 ms, found 2 plugins.
Preloading 0 native plugins for Editor in 0.00 ms.
Mono: successfully reloaded assembly
- Completed reload, in  0.592 seconds
Platform modules already initialized, skipping
Refreshing native plugins compatible for Editor in 0.29 ms, found 2 plugins.
Preloading 0 native plugins for Editor in 0.00 ms.
Unloading 1385 Unused Serialized files (Serialized files now loaded: 0)
System memory in use before: 81.9 MB.
System memory in use after: 82.0 MB.

Unloading 14 unused Assets to reduce memory usage. Loaded Objects now: 1902.
Total: 1.491000 ms (FindLiveObjects: 0.104600 ms CreateObjectMapping: 0.025600 ms MarkObjects: 1.320700 ms  DeleteObjects: 0.039300 ms)

========================================================================
Received Prepare
Registering precompiled user dll's ...
Registered in 0.002530 seconds.
Begin MonoManager ReloadAssembly
Native extension for WindowsStandalone target not found
Refreshing native plugins compatible for Editor in 0.28 ms, found 2 plugins.
Preloading 0 native plugins for Editor in 0.00 ms.
Mono: successfully reloaded assembly
- Completed reload, in  0.700 seconds
Platform modules already initialized, skipping
Refreshing native plugins compatible for Editor in 0.29 ms, found 2 plugins.
Preloading 0 native plugins for Editor in 0.00 ms.
Unloading 1385 Unused Serialized files (Serialized files now loaded: 0)
System memory in use before: 82.0 MB.
System memory in use after: 82.1 MB.

Unloading 14 unused Assets to reduce memory usage. Loaded Objects now: 1905.
Total: 1.487100 ms (FindLiveObjects: 0.122900 ms CreateObjectMapping: 0.026900 ms MarkObjects: 1.295500 ms  DeleteObjects: 0.041000 ms)

========================================================================
Received Prepare
Registering precompiled user dll's ...
Registered in 0.002509 seconds.
Begin MonoManager ReloadAssembly
Native extension for WindowsStandalone target not found
Refreshing native plugins compatible for Editor in 0.32 ms, found 2 plugins.
Preloading 0 native plugins for Editor in 0.00 ms.
Mono: successfully reloaded assembly
- Completed reload, in  0.637 seconds
Platform modules already initialized, skipping
Refreshing native plugins compatible for Editor in 0.27 ms, found 2 plugins.
Preloading 0 native plugins for Editor in 0.00 ms.
Unloading 1385 Unused Serialized files (Serialized files now loaded: 0)
System memory in use before: 82.0 MB.
System memory in use after: 82.1 MB.

Unloading 14 unused Assets to reduce memory usage. Loaded Objects now: 1908.
Total: 1.561800 ms (FindLiveObjects: 0.127300 ms CreateObjectMapping: 0.041600 ms MarkObjects: 1.348100 ms  DeleteObjects: 0.044100 ms)

========================================================================
Received Prepare
Registering precompiled user dll's ...
Registered in 0.002619 seconds.
Begin MonoManager ReloadAssembly
Native extension for WindowsStandalone target not found
Refreshing native plugins compatible for Editor in 0.28 ms, found 2 plugins.
Preloading 0 native plugins for Editor in 0.00 ms.
Mono: successfully reloaded assembly
- Completed reload, in  0.649 seconds
Platform modules already initialized, skipping
Refreshing native plugins compatible for Editor in 0.28 ms, found 2 plugins.
Preloading 0 native plugins for Editor in 0.00 ms.
Unloading 1385 Unused Serialized files (Serialized files now loaded: 0)
System memory in use before: 82.0 MB.
System memory in use after: 82.1 MB.

Unloading 14 unused Assets to reduce memory usage. Loaded Objects now: 1911.
Total: 1.431600 ms (FindLiveObjects: 0.115200 ms CreateObjectMapping: 0.035200 ms MarkObjects: 1.242000 ms  DeleteObjects: 0.038300 ms)

========================================================================
Received Prepare
Registering precompiled user dll's ...
Registered in 0.002652 seconds.
Begin MonoManager ReloadAssembly
Native extension for WindowsStandalone target not found
Refreshing native plugins compatible for Editor in 0.28 ms, found 2 plugins.
Preloading 0 native plugins for Editor in 0.00 ms.
Mono: successfully reloaded assembly
- Completed reload, in  0.614 seconds
Platform modules already initialized, skipping
Refreshing native plugins compatible for Editor in 0.39 ms, found 2 plugins.
Preloading 0 native plugins for Editor in 0.00 ms.
Unloading 1385 Unused Serialized files (Serialized files now loaded: 0)
System memory in use before: 82.0 MB.
System memory in use after: 82.1 MB.

Unloading 14 unused Assets to reduce memory usage. Loaded Objects now: 1914.
Total: 1.358600 ms (FindLiveObjects: 0.102300 ms CreateObjectMapping: 0.026300 ms MarkObjects: 1.189800 ms  DeleteObjects: 0.039600 ms)

========================================================================
Received Prepare
Registering precompiled user dll's ...
Registered in 0.002499 seconds.
Begin MonoManager ReloadAssembly
Native extension for WindowsStandalone target not found
Refreshing native plugins compatible for Editor in 0.28 ms, found 2 plugins.
Preloading 0 native plugins for Editor in 0.00 ms.
Mono: successfully reloaded assembly
- Completed reload, in  0.663 seconds
Platform modules already initialized, skipping
Refreshing native plugins compatible for Editor in 0.32 ms, found 2 plugins.
Preloading 0 native plugins for Editor in 0.00 ms.
Unloading 1385 Unused Serialized files (Serialized files now loaded: 0)
System memory in use before: 82.0 MB.
System memory in use after: 82.1 MB.

Unloading 14 unused Assets to reduce memory usage. Loaded Objects now: 1917.
Total: 1.650300 ms (FindLiveObjects: 0.146600 ms CreateObjectMapping: 0.027900 ms MarkObjects: 1.429100 ms  DeleteObjects: 0.045800 ms)

========================================================================
Received Prepare
Registering precompiled user dll's ...
Registered in 0.002897 seconds.
Begin MonoManager ReloadAssembly
Native extension for WindowsStandalone target not found
Refreshing native plugins compatible for Editor in 0.51 ms, found 2 plugins.
Preloading 0 native plugins for Editor in 0.00 ms.
Mono: successfully reloaded assembly
- Completed reload, in  0.626 seconds
Platform modules already initialized, skipping
Refreshing native plugins compatible for Editor in 0.27 ms, found 2 plugins.
Preloading 0 native plugins for Editor in 0.00 ms.
Unloading 1385 Unused Serialized files (Serialized files now loaded: 0)
System memory in use before: 82.0 MB.
System memory in use after: 82.1 MB.

Unloading 14 unused Assets to reduce memory usage. Loaded Objects now: 1920.
Total: 1.423400 ms (FindLiveObjects: 0.116700 ms CreateObjectMapping: 0.038300 ms MarkObjects: 1.230900 ms  DeleteObjects: 0.036700 ms)

========================================================================
Received Import Request.
  Time since last request: 3632.213800 seconds.
  path: Assets/Prefabs/Animal_Cow_White.prefab
  artifactKey: Guid(db35e85484e972d4283e1bb72621166e) Importer(815301076,1909f56bfc062723c751e8b465ee728b)
Start importing Assets/Prefabs/Animal_Cow_White.prefab using Guid(db35e85484e972d4283e1bb72621166e) Importer(815301076,1909f56bfc062723c751e8b465ee728b)  -> (artifact id: '1b1850a2a951554b6999c88be23a1d5c') in 0.071357 seconds
  Import took 0.073926 seconds .

========================================================================
Received Import Request.
  Time since last request: 278.286012 seconds.
  path: Assets/Prefabs/Animal_Cow_White.prefab
  artifactKey: Guid(db35e85484e972d4283e1bb72621166e) Importer(815301076,1909f56bfc062723c751e8b465ee728b)
Start importing Assets/Prefabs/Animal_Cow_White.prefab using Guid(db35e85484e972d4283e1bb72621166e) Importer(815301076,1909f56bfc062723c751e8b465ee728b)  -> (artifact id: 'af2f6304647420ed2a04a537659650db') in 0.016581 seconds
  Import took 0.019319 seconds .

========================================================================
Received Import Request.
  Time since last request: 6.705835 seconds.
  path: Assets/Prefabs/Animal_Cow_White.prefab
  artifactKey: Guid(db35e85484e972d4283e1bb72621166e) Importer(815301076,1909f56bfc062723c751e8b465ee728b)
Start importing Assets/Prefabs/Animal_Cow_White.prefab using Guid(db35e85484e972d4283e1bb72621166e) Importer(815301076,1909f56bfc062723c751e8b465ee728b)  -> (artifact id: '63dd429227c765a832eb8be3c16dceba') in 0.012625 seconds
  Import took 0.014750 seconds .

========================================================================
Received Import Request.
  Time since last request: 1.394702 seconds.
  path: Assets/Prefabs/Animal_Cow_White.prefab
  artifactKey: Guid(db35e85484e972d4283e1bb72621166e) Importer(815301076,1909f56bfc062723c751e8b465ee728b)
Start importing Assets/Prefabs/Animal_Cow_White.prefab using Guid(db35e85484e972d4283e1bb72621166e) Importer(815301076,1909f56bfc062723c751e8b465ee728b)  -> (artifact id: '861fa6b3fba18899175e7ccc891b5e64') in 0.017177 seconds
  Import took 0.019332 seconds .

========================================================================
Received Import Request.
  Time since last request: 2.393471 seconds.
  path: Assets/Prefabs/Animal_Cow_White.prefab
  artifactKey: Guid(db35e85484e972d4283e1bb72621166e) Importer(815301076,1909f56bfc062723c751e8b465ee728b)
Start importing Assets/Prefabs/Animal_Cow_White.prefab using Guid(db35e85484e972d4283e1bb72621166e) Importer(815301076,1909f56bfc062723c751e8b465ee728b)  -> (artifact id: '8097c3ea8074b52b62b22e2a3a7998a5') in 0.012257 seconds
  Import took 0.014458 seconds .

========================================================================
Received Import Request.
  Time since last request: 1.391661 seconds.
  path: Assets/Prefabs/Animal_Cow_White.prefab
  artifactKey: Guid(db35e85484e972d4283e1bb72621166e) Importer(815301076,1909f56bfc062723c751e8b465ee728b)
Start importing Assets/Prefabs/Animal_Cow_White.prefab using Guid(db35e85484e972d4283e1bb72621166e) Importer(815301076,1909f56bfc062723c751e8b465ee728b)  -> (artifact id: '950ebdab8ecb07ecb1a4cc88c085e809') in 0.024016 seconds
  Import took 0.026367 seconds .

========================================================================
Received Import Request.
  Time since last request: 418.234386 seconds.
  path: Assets/Prefabs/Animal_Cow_White.prefab
  artifactKey: Guid(db35e85484e972d4283e1bb72621166e) Importer(815301076,1909f56bfc062723c751e8b465ee728b)
Start importing Assets/Prefabs/Animal_Cow_White.prefab using Guid(db35e85484e972d4283e1bb72621166e) Importer(815301076,1909f56bfc062723c751e8b465ee728b)  -> (artifact id: '9122de782347d65219b9051619fd6555') in 0.012825 seconds
  Import took 0.015446 seconds .

========================================================================
Received Import Request.
  Time since last request: 3.405202 seconds.
  path: Assets/Prefabs/Animal_Cow_White.prefab
  artifactKey: Guid(db35e85484e972d4283e1bb72621166e) Importer(815301076,1909f56bfc062723c751e8b465ee728b)
Start importing Assets/Prefabs/Animal_Cow_White.prefab using Guid(db35e85484e972d4283e1bb72621166e) Importer(815301076,1909f56bfc062723c751e8b465ee728b)  -> (artifact id: 'cfe9913bba82508e8ba08c50996e4d3f') in 0.011804 seconds
  Import took 0.014121 seconds .

========================================================================
Received Import Request.
  Time since last request: 5.623667 seconds.
  path: Assets/Prefabs/Animal_Cow_White.prefab
  artifactKey: Guid(db35e85484e972d4283e1bb72621166e) Importer(815301076,1909f56bfc062723c751e8b465ee728b)
Start importing Assets/Prefabs/Animal_Cow_White.prefab using Guid(db35e85484e972d4283e1bb72621166e) Importer(815301076,1909f56bfc062723c751e8b465ee728b)  -> (artifact id: '1cff0ad62e3c2bdb257d6f831160523a') in 0.012719 seconds
  Import took 0.015192 seconds .

========================================================================
Received Import Request.
  Time since last request: 2.403866 seconds.
  path: Assets/Prefabs/Animal_Cow_White.prefab
  artifactKey: Guid(db35e85484e972d4283e1bb72621166e) Importer(815301076,1909f56bfc062723c751e8b465ee728b)
Start importing Assets/Prefabs/Animal_Cow_White.prefab using Guid(db35e85484e972d4283e1bb72621166e) Importer(815301076,1909f56bfc062723c751e8b465ee728b)  -> (artifact id: 'd409840bdd2f323188a76c283e4df73e') in 0.019005 seconds
  Import took 0.021201 seconds .

========================================================================
Received Import Request.
  Time since last request: 4.005588 seconds.
  path: Assets/Prefabs/Animal_Cow_White.prefab
  artifactKey: Guid(db35e85484e972d4283e1bb72621166e) Importer(815301076,1909f56bfc062723c751e8b465ee728b)
Start importing Assets/Prefabs/Animal_Cow_White.prefab using Guid(db35e85484e972d4283e1bb72621166e) Importer(815301076,1909f56bfc062723c751e8b465ee728b)  -> (artifact id: '2b9a5ae81187cc44a702c2046a444304') in 0.016647 seconds
  Import took 0.019291 seconds .

========================================================================
Received Import Request.
  Time since last request: 9.405862 seconds.
  path: Assets/Prefabs/Animal_Cow_White.prefab
  artifactKey: Guid(db35e85484e972d4283e1bb72621166e) Importer(815301076,1909f56bfc062723c751e8b465ee728b)
Start importing Assets/Prefabs/Animal_Cow_White.prefab using Guid(db35e85484e972d4283e1bb72621166e) Importer(815301076,1909f56bfc062723c751e8b465ee728b)  -> (artifact id: 'c1b2aa66ed3b157cc5390d51f2ee43b6') in 0.013947 seconds
  Import took 0.016119 seconds .

========================================================================
Received Prepare
Registering precompiled user dll's ...
Registered in 0.003014 seconds.
Begin MonoManager ReloadAssembly
Native extension for WindowsStandalone target not found
Refreshing native plugins compatible for Editor in 0.28 ms, found 2 plugins.
Preloading 0 native plugins for Editor in 0.00 ms.
Mono: successfully reloaded assembly
- Completed reload, in  0.622 seconds
Platform modules already initialized, skipping
Refreshing native plugins compatible for Editor in 0.27 ms, found 2 plugins.
Preloading 0 native plugins for Editor in 0.00 ms.
Unloading 1385 Unused Serialized files (Serialized files now loaded: 0)
System memory in use before: 82.1 MB.
System memory in use after: 82.2 MB.

Unloading 14 unused Assets to reduce memory usage. Loaded Objects now: 1924.
Total: 1.600800 ms (FindLiveObjects: 0.129800 ms CreateObjectMapping: 0.026300 ms MarkObjects: 1.401700 ms  DeleteObjects: 0.042000 ms)

========================================================================
Received Import Request.
  Time since last request: 31.089836 seconds.
  path: Assets/Prefabs/Animal_Cow_White.prefab
  artifactKey: Guid(db35e85484e972d4283e1bb72621166e) Importer(815301076,1909f56bfc062723c751e8b465ee728b)
Start importing Assets/Prefabs/Animal_Cow_White.prefab using Guid(db35e85484e972d4283e1bb72621166e) Importer(815301076,1909f56bfc062723c751e8b465ee728b)  -> (artifact id: '30c5849da1dad0d0ee599f1c933a1bc7') in 0.070341 seconds
  Import took 0.072705 seconds .

========================================================================
Received Import Request.
  Time since last request: 28.542446 seconds.
  path: Assets/Prefabs/Animal_Stag_01.prefab
  artifactKey: Guid(03cf8e13ed45bb74ab54c1b1b76e1d7b) Importer(815301076,1909f56bfc062723c751e8b465ee728b)
Start importing Assets/Prefabs/Animal_Stag_01.prefab using Guid(03cf8e13ed45bb74ab54c1b1b76e1d7b) Importer(815301076,1909f56bfc062723c751e8b465ee728b)  -> (artifact id: '78fbbd5159be23a305a82d3d7a2663f1') in 0.017891 seconds
  Import took 0.020474 seconds .

========================================================================
Received Import Request.
  Time since last request: 0.001561 seconds.
  path: Assets/Prefabs/Animal_Stag_01.prefab
  artifactKey: Guid(03cf8e13ed45bb74ab54c1b1b76e1d7b) Importer(815301076,1909f56bfc062723c751e8b465ee728b)
Start importing Assets/Prefabs/Animal_Stag_01.prefab using Guid(03cf8e13ed45bb74ab54c1b1b76e1d7b) Importer(815301076,1909f56bfc062723c751e8b465ee728b)  -> (artifact id: '78fbbd5159be23a305a82d3d7a2663f1') in 0.029707 seconds
  Import took 0.032054 seconds .

========================================================================
Received Import Request.
  Time since last request: 4.470854 seconds.
  path: Assets/Prefabs/Animal_Stag_01.prefab
  artifactKey: Guid(03cf8e13ed45bb74ab54c1b1b76e1d7b) Importer(815301076,1909f56bfc062723c751e8b465ee728b)
Start importing Assets/Prefabs/Animal_Stag_01.prefab using Guid(03cf8e13ed45bb74ab54c1b1b76e1d7b) Importer(815301076,1909f56bfc062723c751e8b465ee728b)  -> (artifact id: 'd395c76bc461d467198649c12351d7c4') in 0.023560 seconds
  Import took 0.025740 seconds .

========================================================================
Received Import Request.
  Time since last request: 38.710314 seconds.
  path: Assets/Prefabs/Dog_Labrador_01.prefab
  artifactKey: Guid(9e4f32165f988494288c727752eea5df) Importer(815301076,1909f56bfc062723c751e8b465ee728b)
Start importing Assets/Prefabs/Dog_Labrador_01.prefab using Guid(9e4f32165f988494288c727752eea5df) Importer(815301076,1909f56bfc062723c751e8b465ee728b)  -> (artifact id: '7e52206aa8e1f74746f65d6de7ff1533') in 0.040468 seconds
  Import took 0.043400 seconds .

========================================================================
Received Import Request.
  Time since last request: 25.444058 seconds.
  path: Assets/Prefabs/Dog_Labrador_01.prefab
  artifactKey: Guid(9e4f32165f988494288c727752eea5df) Importer(815301076,1909f56bfc062723c751e8b465ee728b)
Start importing Assets/Prefabs/Dog_Labrador_01.prefab using Guid(9e4f32165f988494288c727752eea5df) Importer(815301076,1909f56bfc062723c751e8b465ee728b)  -> (artifact id: '192bd0c391c5c34d364d202f997df063') in 0.037634 seconds
  Import took 0.040930 seconds .

========================================================================
Received Import Request.
  Time since last request: 0.001710 seconds.
  path: Assets/Prefabs/Dog_Labrador_01.prefab
  artifactKey: Guid(9e4f32165f988494288c727752eea5df) Importer(815301076,1909f56bfc062723c751e8b465ee728b)
Start importing Assets/Prefabs/Dog_Labrador_01.prefab using Guid(9e4f32165f988494288c727752eea5df) Importer(815301076,1909f56bfc062723c751e8b465ee728b)  -> (artifact id: '192bd0c391c5c34d364d202f997df063') in 0.064384 seconds
  Import took 0.067454 seconds .

========================================================================
Received Import Request.
  Time since last request: 11.646917 seconds.
  path: Assets/Prefabs/Dog_Labrador_01.prefab
  artifactKey: Guid(9e4f32165f988494288c727752eea5df) Importer(815301076,1909f56bfc062723c751e8b465ee728b)
Start importing Assets/Prefabs/Dog_Labrador_01.prefab using Guid(9e4f32165f988494288c727752eea5df) Importer(815301076,1909f56bfc062723c751e8b465ee728b)  -> (artifact id: 'b20bc26795c6c532341fac4db19e37c8') in 0.031266 seconds
  Import took 0.034059 seconds .

========================================================================
Received Import Request.
  Time since last request: 176.656232 seconds.
  path: Assets/Prefabs/Dog_Labrador_01.prefab
  artifactKey: Guid(9e4f32165f988494288c727752eea5df) Importer(815301076,1909f56bfc062723c751e8b465ee728b)
Start importing Assets/Prefabs/Dog_Labrador_01.prefab using Guid(9e4f32165f988494288c727752eea5df) Importer(815301076,1909f56bfc062723c751e8b465ee728b)  -> (artifact id: '698359cd359da03ebe925c39f15eca18') in 0.040690 seconds
  Import took 0.043525 seconds .

========================================================================
Received Import Request.
  Time since last request: 4.238861 seconds.
  path: Assets/Prefabs/Animal_Stag_01.prefab
  artifactKey: Guid(03cf8e13ed45bb74ab54c1b1b76e1d7b) Importer(815301076,1909f56bfc062723c751e8b465ee728b)
Start importing Assets/Prefabs/Animal_Stag_01.prefab using Guid(03cf8e13ed45bb74ab54c1b1b76e1d7b) Importer(815301076,1909f56bfc062723c751e8b465ee728b)  -> (artifact id: 'f10e640e9d2972639120eae45b71c468') in 0.014054 seconds
  Import took 0.017241 seconds .

========================================================================
Received Import Request.
  Time since last request: 2.838971 seconds.
  path: Assets/Prefabs/Food_Pizza_01.prefab
  artifactKey: Guid(9dd085ac94464094e9a87af92bf1d733) Importer(815301076,1909f56bfc062723c751e8b465ee728b)
Start importing Assets/Prefabs/Food_Pizza_01.prefab using Guid(9dd085ac94464094e9a87af92bf1d733) Importer(815301076,1909f56bfc062723c751e8b465ee728b)  -> (artifact id: '73903df184f09d65f38650fa644c11b7') in 0.017400 seconds
  Import took 0.019866 seconds .

========================================================================
Received Import Request.
  Time since last request: 180.948946 seconds.
  path: Assets/Scripts/DetectCollision.cs
  artifactKey: Guid(547d00fe6d72ee146b799cdc8f2fc8da) Importer(815301076,1909f56bfc062723c751e8b465ee728b)
Start importing Assets/Scripts/DetectCollision.cs using Guid(547d00fe6d72ee146b799cdc8f2fc8da) Importer(815301076,1909f56bfc062723c751e8b465ee728b)  -> (artifact id: '3b118fe406bf991eeda61c8f2bf7ef37') in 0.004753 seconds
  Import took 0.006893 seconds .

========================================================================
Received Prepare
Registering precompiled user dll's ...
Registered in 0.002592 seconds.
Begin MonoManager ReloadAssembly
Native extension for WindowsStandalone target not found
Refreshing native plugins compatible for Editor in 0.28 ms, found 2 plugins.
Preloading 0 native plugins for Editor in 0.00 ms.
Mono: successfully reloaded assembly
- Completed reload, in  0.611 seconds
Platform modules already initialized, skipping
Refreshing native plugins compatible for Editor in 0.27 ms, found 2 plugins.
Preloading 0 native plugins for Editor in 0.00 ms.
Unloading 1386 Unused Serialized files (Serialized files now loaded: 0)
System memory in use before: 82.2 MB.
System memory in use after: 82.3 MB.

Unloading 14 unused Assets to reduce memory usage. Loaded Objects now: 1929.
Total: 1.721200 ms (FindLiveObjects: 0.118600 ms CreateObjectMapping: 0.037300 ms MarkObjects: 1.527200 ms  DeleteObjects: 0.037200 ms)

========================================================================
Received Prepare
Registering precompiled user dll's ...
Registered in 0.002411 seconds.
Begin MonoManager ReloadAssembly
Native extension for WindowsStandalone target not found
Refreshing native plugins compatible for Editor in 0.27 ms, found 2 plugins.
Preloading 0 native plugins for Editor in 0.00 ms.
Mono: successfully reloaded assembly
- Completed reload, in  0.611 seconds
Platform modules already initialized, skipping
Refreshing native plugins compatible for Editor in 0.48 ms, found 2 plugins.
Preloading 0 native plugins for Editor in 0.00 ms.
Unloading 1386 Unused Serialized files (Serialized files now loaded: 0)
System memory in use before: 82.2 MB.
System memory in use after: 82.3 MB.

Unloading 14 unused Assets to reduce memory usage. Loaded Objects now: 1932.
Total: 1.547500 ms (FindLiveObjects: 0.109200 ms CreateObjectMapping: 0.032700 ms MarkObjects: 1.364500 ms  DeleteObjects: 0.040100 ms)

========================================================================
Received Prepare
Registering precompiled user dll's ...
Registered in 0.003232 seconds.
Begin MonoManager ReloadAssembly
Native extension for WindowsStandalone target not found
Refreshing native plugins compatible for Editor in 0.27 ms, found 2 plugins.
Preloading 0 native plugins for Editor in 0.00 ms.
Mono: successfully reloaded assembly
- Completed reload, in  0.626 seconds
Platform modules already initialized, skipping
Refreshing native plugins compatible for Editor in 0.27 ms, found 2 plugins.
Preloading 0 native plugins for Editor in 0.00 ms.
Unloading 1386 Unused Serialized files (Serialized files now loaded: 0)
System memory in use before: 82.2 MB.
System memory in use after: 82.3 MB.

Unloading 14 unused Assets to reduce memory usage. Loaded Objects now: 1935.
Total: 1.530000 ms (FindLiveObjects: 0.132100 ms CreateObjectMapping: 0.046900 ms MarkObjects: 1.314300 ms  DeleteObjects: 0.036000 ms)

========================================================================
Received Import Request.
  Time since last request: 22.711581 seconds.
  path: Assets/Prefabs/Dog_Labrador_01.prefab
  artifactKey: Guid(9e4f32165f988494288c727752eea5df) Importer(815301076,1909f56bfc062723c751e8b465ee728b)
Start importing Assets/Prefabs/Dog_Labrador_01.prefab using Guid(9e4f32165f988494288c727752eea5df) Importer(815301076,1909f56bfc062723c751e8b465ee728b)  -> (artifact id: 'ab4467be6f37662b62a4d3b868e2af8c') in 0.064918 seconds
  Import took 0.067771 seconds .

========================================================================
Received Import Request.
  Time since last request: 2.344529 seconds.
  path: Assets/Prefabs/Animal_Stag_01.prefab
  artifactKey: Guid(03cf8e13ed45bb74ab54c1b1b76e1d7b) Importer(815301076,1909f56bfc062723c751e8b465ee728b)
Start importing Assets/Prefabs/Animal_Stag_01.prefab using Guid(03cf8e13ed45bb74ab54c1b1b76e1d7b) Importer(815301076,1909f56bfc062723c751e8b465ee728b)  -> (artifact id: 'bf46b49ac22b85aa617cc9c61fd61a64') in 0.023688 seconds
  Import took 0.026249 seconds .

========================================================================
Received Import Request.
  Time since last request: 1.184707 seconds.
  path: Assets/Prefabs/Animal_Cow_White.prefab
  artifactKey: Guid(db35e85484e972d4283e1bb72621166e) Importer(815301076,1909f56bfc062723c751e8b465ee728b)
Start importing Assets/Prefabs/Animal_Cow_White.prefab using Guid(db35e85484e972d4283e1bb72621166e) Importer(815301076,1909f56bfc062723c751e8b465ee728b)  -> (artifact id: 'bc2f9732ad85269fa2956048313d1540') in 0.012946 seconds
  Import took 0.015106 seconds .

========================================================================
Received Prepare
Registering precompiled user dll's ...
Registered in 0.002605 seconds.
Begin MonoManager ReloadAssembly
Native extension for WindowsStandalone target not found
Refreshing native plugins compatible for Editor in 0.29 ms, found 2 plugins.
Preloading 0 native plugins for Editor in 0.00 ms.
Mono: successfully reloaded assembly
- Completed reload, in  0.636 seconds
Platform modules already initialized, skipping
Refreshing native plugins compatible for Editor in 0.28 ms, found 2 plugins.
Preloading 0 native plugins for Editor in 0.00 ms.
Unloading 1386 Unused Serialized files (Serialized files now loaded: 0)
System memory in use before: 82.2 MB.
System memory in use after: 82.3 MB.

Unloading 14 unused Assets to reduce memory usage. Loaded Objects now: 1939.
Total: 1.498100 ms (FindLiveObjects: 0.107100 ms CreateObjectMapping: 0.028600 ms MarkObjects: 1.323600 ms  DeleteObjects: 0.038200 ms)

========================================================================
Received Import Request.
  Time since last request: 366.156195 seconds.
  path: Assets/Scripts/DetectCollision.cs
  artifactKey: Guid(547d00fe6d72ee146b799cdc8f2fc8da) Importer(815301076,1909f56bfc062723c751e8b465ee728b)
Start importing Assets/Scripts/DetectCollision.cs using Guid(547d00fe6d72ee146b799cdc8f2fc8da) Importer(815301076,1909f56bfc062723c751e8b465ee728b)  -> (artifact id: '957262abdd124cc17e06bc88cef0c721') in 0.003228 seconds
  Import took 0.004854 seconds .

========================================================================
Received Prepare
Registering precompiled user dll's ...
Registered in 0.002453 seconds.
Begin MonoManager ReloadAssembly
Native extension for WindowsStandalone target not found
Refreshing native plugins compatible for Editor in 0.28 ms, found 2 plugins.
Preloading 0 native plugins for Editor in 0.00 ms.
Mono: successfully reloaded assembly
- Completed reload, in  0.634 seconds
Platform modules already initialized, skipping
Refreshing native plugins compatible for Editor in 0.28 ms, found 2 plugins.
Preloading 0 native plugins for Editor in 0.00 ms.
Unloading 1386 Unused Serialized files (Serialized files now loaded: 0)
System memory in use before: 82.2 MB.
System memory in use after: 82.3 MB.

Unloading 14 unused Assets to reduce memory usage. Loaded Objects now: 1942.
Total: 1.622100 ms (FindLiveObjects: 0.106200 ms CreateObjectMapping: 0.030800 ms MarkObjects: 1.443000 ms  DeleteObjects: 0.041200 ms)

========================================================================
Received Import Request.
  Time since last request: 143.674388 seconds.
  path: Assets/Scripts/DetroyOutOfBounds.cs
  artifactKey: Guid(242621f3b8f452e44ab73ab7c7df965a) Importer(815301076,1909f56bfc062723c751e8b465ee728b)
Start importing Assets/Scripts/DetroyOutOfBounds.cs using Guid(242621f3b8f452e44ab73ab7c7df965a) Importer(815301076,1909f56bfc062723c751e8b465ee728b)  -> (artifact id: 'e90f9ca034249c537f12a38ec93413c6') in 0.007060 seconds
  Import took 0.009309 seconds .

========================================================================
Received Import Request.
  Time since last request: 0.000323 seconds.
  path: Assets/Scripts/DetroyOutOfBounds.cs
  artifactKey: Guid(242621f3b8f452e44ab73ab7c7df965a) Importer(815301076,1909f56bfc062723c751e8b465ee728b)
Start importing Assets/Scripts/DetroyOutOfBounds.cs using Guid(242621f3b8f452e44ab73ab7c7df965a) Importer(815301076,1909f56bfc062723c751e8b465ee728b)  -> (artifact id: 'e90f9ca034249c537f12a38ec93413c6') in 0.001969 seconds
  Import took 0.003856 seconds .

========================================================================
Received Import Request.
  Time since last request: 235.969033 seconds.
  path: Assets/Scripts/DetroyOutOfBounds.cs
  artifactKey: Guid(242621f3b8f452e44ab73ab7c7df965a) Importer(815301076,1909f56bfc062723c751e8b465ee728b)
Start importing Assets/Scripts/DetroyOutOfBounds.cs using Guid(242621f3b8f452e44ab73ab7c7df965a) Importer(815301076,1909f56bfc062723c751e8b465ee728b)  -> (artifact id: 'b590346656a215acec743a214876c0bf') in 0.001621 seconds
  Import took 0.003482 seconds .

========================================================================
Received Prepare
Registering precompiled user dll's ...
Registered in 0.003736 seconds.
Begin MonoManager ReloadAssembly
Native extension for WindowsStandalone target not found
Refreshing native plugins compatible for Editor in 0.29 ms, found 2 plugins.
Preloading 0 native plugins for Editor in 0.00 ms.
Mono: successfully reloaded assembly
- Completed reload, in  0.637 seconds
Platform modules already initialized, skipping
Refreshing native plugins compatible for Editor in 0.28 ms, found 2 plugins.
Preloading 0 native plugins for Editor in 0.00 ms.
Unloading 1386 Unused Serialized files (Serialized files now loaded: 0)
System memory in use before: 82.2 MB.
System memory in use after: 82.3 MB.

Unloading 14 unused Assets to reduce memory usage. Loaded Objects now: 1945.
Total: 1.674600 ms (FindLiveObjects: 0.104900 ms CreateObjectMapping: 0.040200 ms MarkObjects: 1.472300 ms  DeleteObjects: 0.052600 ms)

========================================================================
Received Import Request.
  Time since last request: 38.839028 seconds.
  path: Assets/Scripts/DetroyOutOfBounds.cs
  artifactKey: Guid(242621f3b8f452e44ab73ab7c7df965a) Importer(815301076,1909f56bfc062723c751e8b465ee728b)
Start importing Assets/Scripts/DetroyOutOfBounds.cs using Guid(242621f3b8f452e44ab73ab7c7df965a) Importer(815301076,1909f56bfc062723c751e8b465ee728b)  -> (artifact id: '38dd1e8cd4c7554e2894ae0278b87f72') in 0.003167 seconds
  Import took 0.004769 seconds .

========================================================================
Received Prepare
Registering precompiled user dll's ...
Registered in 0.003120 seconds.
Begin MonoManager ReloadAssembly
Native extension for WindowsStandalone target not found
Refreshing native plugins compatible for Editor in 0.29 ms, found 2 plugins.
Preloading 0 native plugins for Editor in 0.00 ms.
Mono: successfully reloaded assembly
- Completed reload, in  0.630 seconds
Platform modules already initialized, skipping
Refreshing native plugins compatible for Editor in 0.28 ms, found 2 plugins.
Preloading 0 native plugins for Editor in 0.00 ms.
Unloading 1386 Unused Serialized files (Serialized files now loaded: 0)
System memory in use before: 82.2 MB.
System memory in use after: 82.3 MB.

Unloading 14 unused Assets to reduce memory usage. Loaded Objects now: 1948.
Total: 1.507100 ms (FindLiveObjects: 0.102100 ms CreateObjectMapping: 0.029900 ms MarkObjects: 1.333500 ms  DeleteObjects: 0.040500 ms)

========================================================================
Received Import Request.
  Time since last request: 160.439077 seconds.
  path: Assets/Scripts/DetroyOutOfBounds.cs
  artifactKey: Guid(242621f3b8f452e44ab73ab7c7df965a) Importer(815301076,1909f56bfc062723c751e8b465ee728b)
Start importing Assets/Scripts/DetroyOutOfBounds.cs using Guid(242621f3b8f452e44ab73ab7c7df965a) Importer(815301076,1909f56bfc062723c751e8b465ee728b)  -> (artifact id: 'edb9f211af863f00c98dca0274254dd6') in 0.003909 seconds
  Import took 0.005588 seconds .

========================================================================
Received Import Request.
  Time since last request: 2.497212 seconds.
  path: Assets/Scripts/SpawnManager.cs
  artifactKey: Guid(aaa27c552c6b4974aa797c66794e31e6) Importer(815301076,1909f56bfc062723c751e8b465ee728b)
Start importing Assets/Scripts/SpawnManager.cs using Guid(aaa27c552c6b4974aa797c66794e31e6) Importer(815301076,1909f56bfc062723c751e8b465ee728b)  -> (artifact id: 'ff6b0bfd59e6a520a7914117fc8792b6') in 0.004146 seconds
  Import took 0.005931 seconds .

========================================================================
Received Prepare
Registering precompiled user dll's ...
Registered in 0.003041 seconds.
Begin MonoManager ReloadAssembly
Native extension for WindowsStandalone target not found
Refreshing native plugins compatible for Editor in 0.29 ms, found 2 plugins.
Preloading 0 native plugins for Editor in 0.00 ms.
Mono: successfully reloaded assembly
- Completed reload, in  0.623 seconds
Platform modules already initialized, skipping
Refreshing native plugins compatible for Editor in 0.28 ms, found 2 plugins.
Preloading 0 native plugins for Editor in 0.00 ms.
Unloading 1386 Unused Serialized files (Serialized files now loaded: 0)
System memory in use before: 82.2 MB.
System memory in use after: 82.3 MB.

Unloading 14 unused Assets to reduce memory usage. Loaded Objects now: 1951.
Total: 1.483700 ms (FindLiveObjects: 0.121400 ms CreateObjectMapping: 0.025500 ms MarkObjects: 1.296600 ms  DeleteObjects: 0.039500 ms)

